1 [10-19-2018 10:00.6] [successful login] marnee
1 [10-19-2018 10:03.4] [failed login] julian
1 [10-19-2018 10:03.5] [successful login] julian
1 [10-19-2018 10:03.6] [failed login] vicky
1 [10-19-2018 10:03.7] [failed login] vicky
1 [10-19-2018 10:05.6] [successful login] vicky
1 [10-19-2018 10:05.3] [successful login] jenn
1 [10-19-2018 10:05.4] [successful login] kelly
1 [10-19-2018 10:08.3] [successful login] marnee
1 [10-19-2018 10:08.6] [failed login] blake
1 [10-19-2018 10:08.7] [failed login] blake
1 [10-19-2018 10:08.9] [failed login] blake
1 [10-19-2018 10:09.1] [failed login] blake
1 [10-19-2018 10:09.2] [failed login] blake
1 [10-19-2018 10:09.3] [failed login] blake
1 [10-19-2018 10:09.4] [failed login] blake
1 [10-19-2018 10:09.5] [failed login] blake
1 [10-19-2018 10:09.6] [failed login] blake
1 [10-19-2018 10:09.7] [failed login] blake
1 [10-19-2018 10:09.8] [failed login] blake
1 [10-19-2018 10:08.9] [failed login] blake
1 [10-19-2018 10:10.1] [failed login] blake
1 [10-19-2018 10:10.2] [failed login] blake
1 [10-19-2018 10:10.3] [failed login] blake
1 [10-19-2018 10:10.4] [failed login] blake
1 [10-19-2018 10:10.5] [failed login] blake
1 [10-19-2018 10:10.6] [failed login] blake
1 [10-19-2018 10:10.7] [failed login] blake
1 [10-19-2018 10:10.8] [failed login] blake
1 [10-19-2018 10:10.9] [failed login] blake
1 [10-19-2018 10:11.1] [failed login] blake
1 [10-19-2018 10:11.2] [failed login] blake
1 [10-19-2018 10:11.3] [failed login] blake
1 [10-19-2018 10:11.4] [failed login] blake
1 [10-19-2018 10:11.5] [failed login] blake
1 [10-19-2018 10:11.6] [failed login] blake
1 [10-19-2018 10:11.7] [failed login] blake
1 [10-19-2018 10:11.8] [successful login] julian
1 [10-19-2018 10:11.9] [failed login] blake
1 [10-19-2018 10:12.1] [failed login] blake
1 [10-19-2018 10:12.2] [failed login] blake
1 [10-19-2018 10:12.3] [failed login] blake
1 [10-19-2018 10:12.4] [failed login] blake
1 [10-19-2018 10:12.5] [failed login] blake
1 [10-19-2018 10:12.6] [failed login] blake
1 [10-19-2018 10:12.7] [failed login] blake
1 [10-19-2018 10:12.8] [failed login] blake
1 [10-19-2018 10:12.9] [failed login] blake
1 [10-19-2018 10:13.1] [failed login] blake
1 [10-19-2018 10:13.2] [failed login] blake
1 [10-19-2018 10:13.3] [failed login] blake
1 [10-19-2018 10:13.5] [failed login] blake
1 [10-19-2018 10:13.5] [failed login] blake
1 [10-19-2018 10:13.6] [failed login] blake
1 [10-19-2018 10:13.6] [failed login] blake
1 [10-19-2018 10:13.7] [failed login] blake
1 [10-19-2018 10:13.8] [failed login] blake
1 [10-19-2018 10:13.9] [failed login] blake
1 [10-19-2018 10:14.1] [failed login] blake
1 [10-19-2018 10:14.1] [failed login] blake
1 [10-19-2018 10:14.2] [successful login] blake
1 [10-19-2018 10:14.3] [successful impersonate] root
1 [10-19-2018 10:15.4] [successful login] marnee
1 [10-19-2018 10:20.4] [successful login] jaime
1 [10-19-2018 10:22.4] [successful login] kelly
1 [10-19-2018 10:22.5] [successful login] darnell
1 [10-19-2018 10:23.4] [successful login] horace
1 [10-19-2018 10:14.2] [successful login] horace
1 [10-19-2018 10:24.4] [successful login] dwayne
1 [10-19-2018 11:05.4] [successful login] hayden
1 [10-19-2018 12:05.4] [successful login] maritza
1 [10-19-2018 10:14.4] [successful impersonate] root
1 [10-19-2018 12:45.4] [successful login] allida
1 [10-19-2018 12:46.4] [successful login] aimar
1 [10-19-2018 12:47.4] [successful login] candice
1 [10-19-2018 10:14.4] [successful impersonate] root
1 [10-19-2018 13:22.5] [successful login] darnell
1 [10-19-2018 14:22.5] [successful login] darnell
1 [10-19-2018 10:22.6] [successful login] marne
1 [10-19-2018 10:00.6] [successful login] marnee
1 [10-19-2018 10:03.4] [failed login] julian
1 [10-19-2018 10:03.5] [successful login] julian
1 [10-19-2018 10:03.6] [failed login] vicky
1 [10-19-2018 10:03.7] [successful login] vicky
1 [10-19-2018 10:05.6] [successful login] vicky
1 [10-19-2018 10:05.3] [successful login] jenn
1 [10-19-2018 10:05.4] [successful login] kelly
1 [10-19-2018 10:08.3] [successful login] marnee
END OF FILE



